<?xml version="1.0" encoding="UTF-8"?>
<!-- Generated by org.testng.reporters.JUnitReportReporter -->
<testsuite hostname="LTIN617472" failures="0" tests="14" name="testCases.WashingMachineSearch" time="42.103" errors="0" timestamp="2025-06-26T11:38:08 IST" skipped="0">
  <testcase classname="testCases.WashingMachineSearch" name="searchWashingMachine" time="3.055"/>
  <testcase classname="testCases.WashingMachineSearch" name="searchWashingMachine" time="3.831"/>
  <testcase classname="testCases.WashingMachineSearch" name="sortPriceLowToHigh" time="1.625"/>
  <testcase classname="testCases.WashingMachineSearch" name="sortPriceLowToHigh" time="1.580"/>
  <testcase classname="testCases.WashingMachineSearch" name="applyFilters" time="9.485"/>
  <testcase classname="testCases.WashingMachineSearch" name="applyFilters" time="12.254"/>
  <testcase classname="testCases.WashingMachineSearch" name="addFirstItemToCart" time="0.671"/>
  <testcase classname="testCases.WashingMachineSearch" name="addFirstItemToCart" time="0.637"/>
  <testcase classname="testCases.WashingMachineSearch" name="goToCart" time="1.887"/>
  <testcase classname="testCases.WashingMachineSearch" name="goToCart" time="2.391"/>
  <testcase classname="testCases.WashingMachineSearch" name="increaseQuantity" time="1.108"/>
  <testcase classname="testCases.WashingMachineSearch" name="increaseQuantity" time="1.117"/>
  <testcase classname="testCases.WashingMachineSearch" name="goBack" time="1.098"/>
  <testcase classname="testCases.WashingMachineSearch" name="goBack" time="1.364"/>
</testsuite> <!-- testCases.WashingMachineSearch -->
